<?xml version="1.0" encoding="UTF-8"?>
<!-- Generated by org.testng.reporters.JUnitReportReporter -->
<testsuite skipped="0" hostname="DQ-PC" name="org.hr.OrangeTest.Test.LoginTest" tests="2" failures="0" timestamp="2020-08-06T09:12:06 ALMT" time="14.793" errors="0">
  <testcase name="logintest" time="5.853" classname="org.hr.OrangeTest.Test.LoginTest"/>
  <system-out/>
  <testcase name="CheckPgTitle" time="8.940" classname="org.hr.OrangeTest.Test.LoginTest"/>
  <system-out/>
</testsuite> <!-- org.hr.OrangeTest.Test.LoginTest -->
