<?xml version="1.0" encoding="UTF-8"?>
<!-- Generated by org.testng.reporters.JUnitReportReporter -->
<testsuite skipped="0" hostname="DQ-PC" name="org.hr.OrangeTest.Test.LeavePageTest" tests="2" failures="0" timestamp="2020-08-02T09:05:53 ALMT" time="8.166" errors="0">
  <testcase name="checkHomeTitle" time="1.009" classname="org.hr.OrangeTest.Test.LeavePageTest"/>
  <system-out/>
  <testcase name="AssignLeavePage" time="7.157" classname="org.hr.OrangeTest.Test.LeavePageTest"/>
  <system-out/>
</testsuite> <!-- org.hr.OrangeTest.Test.LeavePageTest -->
