<?xml version="1.0" encoding="UTF-8"?>
<!-- Generated by org.testng.reporters.JUnitReportReporter -->
<testsuite skipped="0" hostname="DQ-PC" name="org.hr.OrangeTest.Test.LeavePageTest" tests="3" failures="0" timestamp="2020-08-06T09:12:06 ALMT" time="14.084" errors="0">
  <testcase name="AssignLeavePage" time="3.426" classname="org.hr.OrangeTest.Test.LeavePageTest"/>
  <system-out/>
  <testcase name="AssignLeaveTest" time="7.684" classname="org.hr.OrangeTest.Test.LeavePageTest"/>
  <system-out/>
  <testcase name="ClickConfirm" time="2.974" classname="org.hr.OrangeTest.Test.LeavePageTest"/>
  <system-out/>
</testsuite> <!-- org.hr.OrangeTest.Test.LeavePageTest -->
